In file included from [01m[K/usr/include/c++/11/memory:76[m[K,
                 from [01m[K/opt/ros/jazzy/include/geometry_msgs/geometry_msgs/msg/detail/transform_stamped__struct.hpp:13[m[K,
                 from [01m[K/opt/ros/jazzy/include/geometry_msgs/geometry_msgs/msg/transform_stamped.hpp:7[m[K,
                 from [01m[K/home/toyat/dev/vrx_ros2/vrx_ws/src/vrx/vrx_ros/src/optical_frame_publisher.cc:18[m[K:
[01m[K/usr/include/c++/11/bits/unique_ptr.h:486:15:[m[K [01;31m[Kerror: [m[Kexpected identifier before â€˜[01m[K__remove_cv[m[Kâ€™
  486 |         using [01;31m[K__remove_cv[m[K = typename remove_cv<_Up>::type;
      |               [01;31m[K^~~~~~~~~~~[m[K
[01m[K/usr/include/c++/11/bits/unique_ptr.h:486:27:[m[K [01;31m[Kerror: [m[Kexpected â€˜[01m[K([m[Kâ€™ before â€˜[01m[K=[m[Kâ€™ token
  486 |         using __remove_cv [01;31m[K=[m[K typename remove_cv<_Up>::type;
      |                           [01;31m[K^[m[K
      |                           [32m[K([m[K
[01m[K/usr/include/c++/11/bits/unique_ptr.h:486:27:[m[K [01;31m[Kerror: [m[Kexpected type-specifier before â€˜[01m[K=[m[Kâ€™ token
[01m[K/usr/include/c++/11/bits/unique_ptr.h:486:27:[m[K [01;31m[Kerror: [m[Kexpected unqualified-id before â€˜[01m[K=[m[Kâ€™ token
[01m[K/usr/include/c++/11/bits/unique_ptr.h:492:69:[m[K [01;31m[Kerror: [m[Kwrong number of template arguments (1, should be 2)
  492 |                __not_<is_same<__remove_cv<_Tp>, __remove_cv<_Up[01;31m[K>>[m[K> >;
      |                                                                [01;31m[K^~[m[K

In file included from [01m[K/usr/include/c++/11/bits/move.h:57[m[K,
                 from [01m[K/usr/include/c++/11/bits/stl_pair.h:59[m[K,
                 from [01m[K/usr/include/c++/11/utility:70[m[K,
                 from [01m[K/usr/include/c++/11/algorithm:60[m[K,
                 from [01m[K/opt/ros/jazzy/include/geometry_msgs/geometry_msgs/msg/detail/transform_stamped__struct.hpp:11[m[K:
[01m[K/usr/include/c++/11/type_traits:614:12:[m[K [01;36m[Knote: [m[Kprovided for â€˜[01m[Ktemplate<class, class> struct std::is_same[m[Kâ€™
  614 |     struct [01;36m[Kis_same[m[K;
      |            [01;36m[K^~~~~~~[m[K
[01m[K/usr/include/c++/11/bits/unique_ptr.h:492:71:[m[K [01;31m[Kerror: [m[Ktemplate argument 1 is invalid
  492 |                __not_<is_same<__remove_cv<_Tp>, __remove_cv<_Up>>[01;31m[K>[m[K >;
      |                                                                  [01;31m[K^[m[K

[01m[K/usr/include/c++/11/bits/unique_ptr.h:492:73:[m[K [01;31m[Kerror: [m[Ktemplate argument 2 is invalid
  492 |                __not_<is_same<__remove_cv<_Tp>, __remove_cv<_Up>>> [01;31m[K>[m[K;
      |                                                                    [01;31m[K^[m[K

In file included from [01m[K/usr/include/c++/11/memory:76[m[K,
                 from [01m[K/opt/ros/jazzy/include/geometry_msgs/geometry_msgs/msg/detail/transform_stamped__struct.hpp:13[m[K,
                 from [01m[K/opt/ros/jazzy/include/geometry_msgs/geometry_msgs/msg/transform_stamped.hpp:7[m[K,
                 from [01m[K/home/toyat/dev/vrx_ros2/vrx_ws/src/vrx/vrx_ros/src/pose_tf_broadcaster.cc:18[m[K:
[01m[K/usr/include/c++/11/bits/unique_ptr.h:486:15:[m[K [01;31m[Kerror: [m[Kexpected identifier before â€˜[01m[K__remove_cv[m[Kâ€™
  486 |         using [01;31m[K__remove_cv[m[K = typename remove_cv<_Up>::type;
      |               [01;31m[K^~~~~~~~~~~[m[K
[01m[K/usr/include/c++/11/bits/unique_ptr.h:486:27:[m[K [01;31m[Kerror: [m[Kexpected â€˜[01m[K([m[Kâ€™ before â€˜[01m[K=[m[Kâ€™ token
  486 |         using __remove_cv [01;31m[K=[m[K typename remove_cv<_Up>::type;
      |                           [01;31m[K^[m[K
      |                           [32m[K([m[K
[01m[K/usr/include/c++/11/bits/unique_ptr.h:486:27:[m[K [01;31m[Kerror: [m[Kexpected type-specifier before â€˜[01m[K=[m[Kâ€™ token
[01m[K/usr/include/c++/11/bits/unique_ptr.h:486:27:[m[K [01;31m[Kerror: [m[Kexpected unqualified-id before â€˜[01m[K=[m[Kâ€™ token
[01m[K/usr/include/c++/11/bits/unique_ptr.h:492:69:[m[K [01;31m[Kerror: [m[Kwrong number of template arguments (1, should be 2)
  492 |                     __not_<is_same<__remove_cv<_Tp>, __remove_cv<_Up[01;31m[K>>[m[K> >;
      |                                                                     [01;31m[K^~[m[K
In file included from [01m[K/usr/include/c++/11/bits/move.h:57[m[K,
                 from [01m[K/usr/include/c++/11/bits/stl_pair.h:59[m[K,
                 from [01m[K/usr/include/c++/11/utility:70[m[K,
                 from [01m[K/usr/include/c++/11/algorithm:60[m[K,
                 from [01m[K/opt/ros/jazzy/include/geometry_msgs/geometry_msgs/msg/detail/transform_stamped__struct.hpp:11[m[K:
[01m[K/usr/include/c++/11/type_traits:614:12:[m[K [01;36m[Knote: [m[Kprovided for â€˜[01m[Ktemplate<class, class> struct std::is_same[m[Kâ€™
  614 |     struct [01;36m[Kis_same[m[K;
      |            [01;36m[K^~~~~~~[m[K
[01m[K/usr/include/c++/11/bits/unique_ptr.h:492:71:[m[K [01;31m[Kerror: [m[Ktemplate argument 1 is invalid
  492 |                     __not_<is_same<__remove_cv<_Tp>, __remove_cv<_Up>>[01;31m[K>[m[K >;
      |                                                                       [01;31m[K^[m[K
[01m[K/usr/include/c++/11/bits/unique_ptr.h:492:73:[m[K [01;31m[Kerror: [m[Ktemplate argument 2 is invalid
  492 |                     __not_<is_same<__remove_cv<_Tp>, __remove_cv<_Up>>> [01;31m[K>[m[K;
      |                                                                         [01;31m[K^[m[K
gmake[2]: *** [CMakeFiles/pose_tf_broadcaster.dir/build.make:76: CMakeFiles/pose_tf_broadcaster.dir/src/pose_tf_broadcaster.cc.o] Error 1
gmake[1]: *** [CMakeFiles/Makefile2:165: CMakeFiles/pose_tf_broadcaster.dir/all] Error 2
gmake[1]: *** Waiting for unfinished jobs....
gmake[2]: *** [CMakeFiles/optical_frame_publisher.dir/build.make:76: CMakeFiles/optical_frame_publisher.dir/src/optical_frame_publisher.cc.o] Error 1
gmake[1]: *** [CMakeFiles/Makefile2:139: CMakeFiles/optical_frame_publisher.dir/all] Error 2
gmake: *** [Makefile:146: all] Error 2
