-- The C compiler identification is GNU 13.3.0
-- The CXX compiler identification is GNU 13.3.0
-- Detecting C compiler ABI info
-- Detecting C compiler ABI info - done
-- Check for working C compiler: /usr/bin/cc - skipped
-- Detecting C compile features
-- Detecting C compile features - done
-- Detecting CXX compiler ABI info
-- Detecting CXX compiler ABI info - done
-- Check for working CXX compiler: /usr/bin/c++ - skipped
-- Detecting CXX compile features
-- Detecting CXX compile features - done
-- Found ament_cmake: 2.5.4 (/opt/ros/jazzy/share/ament_cmake/cmake)
-- Found Python3: /usr/bin/python3 (found version "3.12.3") found components: Interpreter 
-- Found geometry_msgs: 5.3.6 (/opt/ros/jazzy/share/geometry_msgs/cmake)
-- Found rosidl_generator_c: 4.6.5 (/opt/ros/jazzy/share/rosidl_generator_c/cmake)
-- Found rosidl_generator_cpp: 4.6.5 (/opt/ros/jazzy/share/rosidl_generator_cpp/cmake)
-- Using all available rosidl_typesupport_c: rosidl_typesupport_fastrtps_c;rosidl_typesupport_introspection_c
-- Using all available rosidl_typesupport_cpp: rosidl_typesupport_fastrtps_cpp;rosidl_typesupport_introspection_cpp
-- Looking for gz-msgs10 -- found version 10.3.2
-- Searching for dependencies of gz-msgs10
-- Found Protobuf: /usr/lib/x86_64-linux-gnu/libprotobuf.so (found version "3.21.12") 
-- Looking for gz-utils2 -- found version 2.2.1
-- Searching for dependencies of gz-utils2
-- Looking for gz-math7 -- found version 7.5.2
-- Searching for dependencies of gz-math7
-- Looking for gz-utils2 -- found version 2.2.1
-- Checking for module 'tinyxml2'
--   Found tinyxml2, version 10.0.0
-- Looking for gz-transport13 -- found version 13.4.1
-- Searching for dependencies of gz-transport13
-- Config-file not installed for ZeroMQ -- checking for pkg-config
-- Checking for module 'libzmq >= 4'
--   Found libzmq, version 4.3.5
-- Found ZeroMQ: TRUE (Required is at least version "4") 
-- Checking for module 'uuid'
--   Found uuid, version 2.39.3
-- Found UUID: TRUE  
-- Looking for gz-utils2 -- found version 2.2.1
-- Searching for dependencies of gz-utils2
-- Searching for <gz-utils2> component [cli]
-- Looking for gz-utils2-cli -- found version 2.2.1
-- Searching for dependencies of gz-utils2-cli
-- Looking for gz-msgs10 -- found version 10.3.2
-- Found rclcpp: 28.1.9 (/opt/ros/jazzy/share/rclcpp/cmake)
-- Found rmw_implementation_cmake: 7.3.2 (/opt/ros/jazzy/share/rmw_implementation_cmake/cmake)
-- Found rmw_fastrtps_cpp: 8.4.2 (/opt/ros/jazzy/share/rmw_fastrtps_cpp/cmake)
-- Found OpenSSL: /usr/lib/x86_64-linux-gnu/libcrypto.so (found version "3.0.13")  
-- Found FastRTPS: /opt/ros/jazzy/include (Required is at least version "2.13") 
-- Using RMW implementation 'rmw_fastrtps_cpp' as default
-- Found ros_gz_interfaces: 1.0.12 (/opt/ros/jazzy/share/ros_gz_interfaces/cmake)
-- Found sensor_msgs: 5.3.6 (/opt/ros/jazzy/share/sensor_msgs/cmake)
-- Found tf2: 0.36.11 (/opt/ros/jazzy/share/tf2/cmake)
-- Found tf2_msgs: 0.36.11 (/opt/ros/jazzy/share/tf2_msgs/cmake)
-- Found tf2_ros: 0.36.11 (/opt/ros/jazzy/share/tf2_ros/cmake)
-- Configuring done (2.2s)
-- Generating done (0.0s)
-- Build files have been written to: /home/toyat/dev/vrx_ros2/vrx_ws/build/vrx_ros
[ 50%] [32mBuilding CXX object CMakeFiles/optical_frame_publisher.dir/src/optical_frame_publisher.cc.o[0m
[ 50%] [32mBuilding CXX object CMakeFiles/pose_tf_broadcaster.dir/src/pose_tf_broadcaster.cc.o[0m
In file included from [01m[K/usr/include/c++/11/memory:76[m[K,
                 from [01m[K/opt/ros/jazzy/include/geometry_msgs/geometry_msgs/msg/detail/transform_stamped__struct.hpp:13[m[K,
                 from [01m[K/opt/ros/jazzy/include/geometry_msgs/geometry_msgs/msg/transform_stamped.hpp:7[m[K,
                 from [01m[K/home/toyat/dev/vrx_ros2/vrx_ws/src/vrx/vrx_ros/src/pose_tf_broadcaster.cc:18[m[K:
[01m[K/usr/include/c++/11/bits/unique_ptr.h:486:15:[m[K [01;31m[Kerror: [m[Kexpected identifier before â€˜[01m[K__remove_cv[m[Kâ€™
  486 |         using [01;31m[K__remove_cv[m[K = typename remove_cv<_Up>::type;
      |               [01;31m[K^~~~~~~~~~~[m[K
[01m[K/usr/include/c++/11/bits/unique_ptr.h:486:27:[m[K [01;31m[Kerror: [m[Kexpected â€˜[01m[K([m[Kâ€™ before â€˜[01m[K=[m[Kâ€™ token
  486 |         using __remove_cv [01;31m[K=[m[K typename remove_cv<_Up>::type;
      |                           [01;31m[K^[m[K
      |                           [32m[K([m[K
[01m[K/usr/include/c++/11/bits/unique_ptr.h:486:27:[m[K [01;31m[Kerror: [m[Kexpected type-specifier before â€˜[01m[K=[m[Kâ€™ token
[01m[K/usr/include/c++/11/bits/unique_ptr.h:486:27:[m[K [01;31m[Kerror: [m[Kexpected unqualified-id before â€˜[01m[K=[m[Kâ€™ token
[01m[K/usr/include/c++/11/bits/unique_ptr.h:492:69:[m[K [01;31m[Kerror: [m[Kwrong number of template arguments (1, should be 2)
  492 |                     __not_<is_same<__remove_cv<_Tp>, __remove_cv<_Up[01;31m[K>>[m[K> >;
      |                                                                     [01;31m[K^~[m[K
In file included from [01m[K/usr/include/c++/11/bits/move.h:57[m[K,
                 from [01m[K/usr/include/c++/11/bits/stl_pair.h:59[m[K,
                 from [01m[K/usr/include/c++/11/utility:70[m[K,
                 from [01m[K/usr/include/c++/11/algorithm:60[m[K,
                 from [01m[K/opt/ros/jazzy/include/geometry_msgs/geometry_msgs/msg/detail/transform_stamped__struct.hpp:11[m[K:
[01m[K/usr/include/c++/11/type_traits:614:12:[m[K [01;36m[Knote: [m[Kprovided for â€˜[01m[Ktemplate<class, class> struct std::is_same[m[Kâ€™
  614 |     struct [01;36m[Kis_same[m[K;
      |            [01;36m[K^~~~~~~[m[K
[01m[K/usr/include/c++/11/bits/unique_ptr.h:492:71:[m[K [01;31m[Kerror: [m[Ktemplate argument 1 is invalid
  492 |                     __not_<is_same<__remove_cv<_Tp>, __remove_cv<_Up>>[01;31m[K>[m[K >;
      |                                                                       [01;31m[K^[m[K
[01m[K/usr/include/c++/11/bits/unique_ptr.h:492:73:[m[K [01;31m[Kerror: [m[Ktemplate argument 2 is invalid
  492 |                     __not_<is_same<__remove_cv<_Tp>, __remove_cv<_Up>>> [01;31m[K>[m[K;
      |                                                                         [01;31m[K^[m[K
In file included from [01m[K/usr/include/c++/11/memory:76[m[K,
                 from [01m[K/opt/ros/jazzy/include/geometry_msgs/geometry_msgs/msg/detail/transform_stamped__struct.hpp:13[m[K,
                 from [01m[K/opt/ros/jazzy/include/geometry_msgs/geometry_msgs/msg/transform_stamped.hpp:7[m[K,
                 from [01m[K/home/toyat/dev/vrx_ros2/vrx_ws/src/vrx/vrx_ros/src/optical_frame_publisher.cc:18[m[K:
[01m[K/usr/include/c++/11/bits/unique_ptr.h:486:15:[m[K [01;31m[Kerror: [m[Kexpected identifier before â€˜[01m[K__remove_cv[m[Kâ€™
  486 |         using [01;31m[K__remove_cv[m[K = typename remove_cv<_Up>::type;
      |               [01;31m[K^~~~~~~~~~~[m[K
[01m[K/usr/include/c++/11/bits/unique_ptr.h:486:27:[m[K [01;31m[Kerror: [m[Kexpected â€˜[01m[K([m[Kâ€™ before â€˜[01m[K=[m[Kâ€™ token
  486 |         using __remove_cv [01;31m[K=[m[K typename remove_cv<_Up>::type;
      |                           [01;31m[K^[m[K
      |                           [32m[K([m[K
[01m[K/usr/include/c++/11/bits/unique_ptr.h:486:27:[m[K [01;31m[Kerror: [m[Kexpected type-specifier before â€˜[01m[K=[m[Kâ€™ token
[01m[K/usr/include/c++/11/bits/unique_ptr.h:486:27:[m[K [01;31m[Kerror: [m[Kexpected unqualified-id before â€˜[01m[K=[m[Kâ€™ token
[01m[K/usr/include/c++/11/bits/unique_ptr.h:492:69:[m[K [01;31m[Kerror: [m[Kwrong number of template arguments (1, should be 2)
  492 |                __not_<is_same<__remove_cv<_Tp>, __remove_cv<_Up[01;31m[K>>[m[K> >;
      |                                                                [01;31m[K^~[m[K

In file included from [01m[K/usr/include/c++/11/bits/move.h:57[m[K,
                 from [01m[K/usr/include/c++/11/bits/stl_pair.h:59[m[K,
                 from [01m[K/usr/include/c++/11/utility:70[m[K,
                 from [01m[K/usr/include/c++/11/algorithm:60[m[K,
                 from [01m[K/opt/ros/jazzy/include/geometry_msgs/geometry_msgs/msg/detail/transform_stamped__struct.hpp:11[m[K:
[01m[K/usr/include/c++/11/type_traits:614:12:[m[K [01;36m[Knote: [m[Kprovided for â€˜[01m[Ktemplate<class, class> struct std::is_same[m[Kâ€™
  614 |     struct [01;36m[Kis_same[m[K;
      |            [01;36m[K^~~~~~~[m[K
[01m[K/usr/include/c++/11/bits/unique_ptr.h:492:71:[m[K [01;31m[Kerror: [m[Ktemplate argument 1 is invalid
  492 |                __not_<is_same<__remove_cv<_Tp>, __remove_cv<_Up>>[01;31m[K>[m[K >;
      |                                                                  [01;31m[K^[m[K

[01m[K/usr/include/c++/11/bits/unique_ptr.h:492:73:[m[K [01;31m[Kerror: [m[Ktemplate argument 2 is invalid
  492 |                __not_<is_same<__remove_cv<_Tp>, __remove_cv<_Up>>> [01;31m[K>[m[K;
      |                                                                    [01;31m[K^[m[K

gmake[2]: *** [CMakeFiles/pose_tf_broadcaster.dir/build.make:76: CMakeFiles/pose_tf_broadcaster.dir/src/pose_tf_broadcaster.cc.o] Error 1
gmake[1]: *** [CMakeFiles/Makefile2:165: CMakeFiles/pose_tf_broadcaster.dir/all] Error 2
gmake[1]: *** Waiting for unfinished jobs....
gmake[2]: *** [CMakeFiles/optical_frame_publisher.dir/build.make:76: CMakeFiles/optical_frame_publisher.dir/src/optical_frame_publisher.cc.o] Error 1
gmake[1]: *** [CMakeFiles/Makefile2:139: CMakeFiles/optical_frame_publisher.dir/all] Error 2
gmake: *** [Makefile:146: all] Error 2
