[0.009s] Invoking command in '/home/toyat/dev/vrx_ros2/vrx_ws/build/vrx_ros': CMAKE_PREFIX_PATH=${CMAKE_PREFIX_PATH}:/opt/ros/jazzy DEBUGINFOD_URLS=https://debuginfod.ubuntu.com /usr/bin/cmake /home/toyat/dev/vrx_ros2/vrx_ws/src/vrx/vrx_ros -DCMAKE_INSTALL_PREFIX=/home/toyat/dev/vrx_ros2/vrx_ws/install
[0.107s] -- The C compiler identification is GNU 13.3.0
[0.228s] -- The CXX compiler identification is GNU 13.3.0
[0.253s] -- Detecting C compiler ABI info
[0.382s] -- Detecting C compiler ABI info - done
[0.402s] -- Check for working C compiler: /usr/bin/cc - skipped
[0.403s] -- Detecting C compile features
[0.404s] -- Detecting C compile features - done
[0.419s] -- Detecting CXX compiler ABI info
[0.569s] -- Detecting CXX compiler ABI info - done
[0.585s] -- Check for working CXX compiler: /usr/bin/c++ - skipped
[0.585s] -- Detecting CXX compile features
[0.587s] -- Detecting CXX compile features - done
[0.595s] -- Found ament_cmake: 2.5.4 (/opt/ros/jazzy/share/ament_cmake/cmake)
[0.776s] -- Found Python3: /usr/bin/python3 (found version "3.12.3") found components: Interpreter 
[0.893s] -- Found geometry_msgs: 5.3.6 (/opt/ros/jazzy/share/geometry_msgs/cmake)
[0.961s] -- Found rosidl_generator_c: 4.6.5 (/opt/ros/jazzy/share/rosidl_generator_c/cmake)
[0.975s] -- Found rosidl_generator_cpp: 4.6.5 (/opt/ros/jazzy/share/rosidl_generator_cpp/cmake)
[0.992s] -- Using all available rosidl_typesupport_c: rosidl_typesupport_fastrtps_c;rosidl_typesupport_introspection_c
[1.012s] -- Using all available rosidl_typesupport_cpp: rosidl_typesupport_fastrtps_cpp;rosidl_typesupport_introspection_cpp
[1.065s] -- Looking for gz-msgs10 -- found version 10.3.2
[1.074s] -- Searching for dependencies of gz-msgs10
[1.222s] -- Found Protobuf: /usr/lib/x86_64-linux-gnu/libprotobuf.so (found version "3.21.12") 
[1.225s] -- Looking for gz-utils2 -- found version 2.2.1
[1.225s] -- Searching for dependencies of gz-utils2
[1.228s] -- Looking for gz-math7 -- found version 7.5.2
[1.228s] -- Searching for dependencies of gz-math7
[1.229s] -- Looking for gz-utils2 -- found version 2.2.1
[1.242s] -- Checking for module 'tinyxml2'
[1.259s] --   Found tinyxml2, version 10.0.0
[1.293s] -- Looking for gz-transport13 -- found version 13.4.1
[1.293s] -- Searching for dependencies of gz-transport13
[1.327s] -- Config-file not installed for ZeroMQ -- checking for pkg-config
[1.331s] -- Checking for module 'libzmq >= 4'
[1.343s] --   Found libzmq, version 4.3.5
[1.375s] -- Found ZeroMQ: TRUE (Required is at least version "4") 
[1.381s] -- Checking for module 'uuid'
[1.392s] --   Found uuid, version 2.39.3
[1.419s] -- Found UUID: TRUE  
[1.419s] -- Looking for gz-utils2 -- found version 2.2.1
[1.419s] -- Searching for dependencies of gz-utils2
[1.419s] -- Searching for <gz-utils2> component [cli]
[1.420s] -- Looking for gz-utils2-cli -- found version 2.2.1
[1.420s] -- Searching for dependencies of gz-utils2-cli
[1.421s] -- Looking for gz-msgs10 -- found version 10.3.2
[1.426s] -- Found rclcpp: 28.1.9 (/opt/ros/jazzy/share/rclcpp/cmake)
[1.510s] -- Found rmw_implementation_cmake: 7.3.2 (/opt/ros/jazzy/share/rmw_implementation_cmake/cmake)
[1.514s] -- Found rmw_fastrtps_cpp: 8.4.2 (/opt/ros/jazzy/share/rmw_fastrtps_cpp/cmake)
[1.609s] -- Found OpenSSL: /usr/lib/x86_64-linux-gnu/libcrypto.so (found version "3.0.13")  
[1.667s] -- Found FastRTPS: /opt/ros/jazzy/include (Required is at least version "2.13") 
[1.719s] -- Using RMW implementation 'rmw_fastrtps_cpp' as default
[1.872s] -- Found ros_gz_interfaces: 1.0.12 (/opt/ros/jazzy/share/ros_gz_interfaces/cmake)
[1.908s] -- Found sensor_msgs: 5.3.6 (/opt/ros/jazzy/share/sensor_msgs/cmake)
[1.937s] -- Found tf2: 0.36.11 (/opt/ros/jazzy/share/tf2/cmake)
[1.943s] -- Found tf2_msgs: 0.36.11 (/opt/ros/jazzy/share/tf2_msgs/cmake)
[2.009s] -- Found tf2_ros: 0.36.11 (/opt/ros/jazzy/share/tf2_ros/cmake)
[2.185s] -- Configuring done (2.2s)
[2.208s] -- Generating done (0.0s)
[2.217s] -- Build files have been written to: /home/toyat/dev/vrx_ros2/vrx_ws/build/vrx_ros
[2.231s] Invoked command in '/home/toyat/dev/vrx_ros2/vrx_ws/build/vrx_ros' returned '0': CMAKE_PREFIX_PATH=${CMAKE_PREFIX_PATH}:/opt/ros/jazzy DEBUGINFOD_URLS=https://debuginfod.ubuntu.com /usr/bin/cmake /home/toyat/dev/vrx_ros2/vrx_ws/src/vrx/vrx_ros -DCMAKE_INSTALL_PREFIX=/home/toyat/dev/vrx_ros2/vrx_ws/install
[2.233s] Invoking command in '/home/toyat/dev/vrx_ros2/vrx_ws/build/vrx_ros': CMAKE_PREFIX_PATH=${CMAKE_PREFIX_PATH}:/opt/ros/jazzy DEBUGINFOD_URLS=https://debuginfod.ubuntu.com /usr/bin/cmake --build /home/toyat/dev/vrx_ros2/vrx_ws/build/vrx_ros -- -j8 -l8
[2.281s] [ 50%] [32mBuilding CXX object CMakeFiles/optical_frame_publisher.dir/src/optical_frame_publisher.cc.o[0m
[2.281s] [ 50%] [32mBuilding CXX object CMakeFiles/pose_tf_broadcaster.dir/src/pose_tf_broadcaster.cc.o[0m
[2.831s] In file included from [01m[K/usr/include/c++/11/memory:76[m[K,
[2.831s]                  from [01m[K/opt/ros/jazzy/include/geometry_msgs/geometry_msgs/msg/detail/transform_stamped__struct.hpp:13[m[K,
[2.831s]                  from [01m[K/opt/ros/jazzy/include/geometry_msgs/geometry_msgs/msg/transform_stamped.hpp:7[m[K,
[2.831s]                  from [01m[K/home/toyat/dev/vrx_ros2/vrx_ws/src/vrx/vrx_ros/src/pose_tf_broadcaster.cc:18[m[K:
[2.831s] [01m[K/usr/include/c++/11/bits/unique_ptr.h:486:15:[m[K [01;31m[Kerror: [m[Kexpected identifier before â€˜[01m[K__remove_cv[m[Kâ€™
[2.831s]   486 |         using [01;31m[K__remove_cv[m[K = typename remove_cv<_Up>::type;
[2.831s]       |               [01;31m[K^~~~~~~~~~~[m[K
[2.831s] [01m[K/usr/include/c++/11/bits/unique_ptr.h:486:27:[m[K [01;31m[Kerror: [m[Kexpected â€˜[01m[K([m[Kâ€™ before â€˜[01m[K=[m[Kâ€™ token
[2.831s]   486 |         using __remove_cv [01;31m[K=[m[K typename remove_cv<_Up>::type;
[2.832s]       |                           [01;31m[K^[m[K
[2.832s]       |                           [32m[K([m[K
[2.832s] [01m[K/usr/include/c++/11/bits/unique_ptr.h:486:27:[m[K [01;31m[Kerror: [m[Kexpected type-specifier before â€˜[01m[K=[m[Kâ€™ token
[2.832s] [01m[K/usr/include/c++/11/bits/unique_ptr.h:486:27:[m[K [01;31m[Kerror: [m[Kexpected unqualified-id before â€˜[01m[K=[m[Kâ€™ token
[2.832s] [01m[K/usr/include/c++/11/bits/unique_ptr.h:492:69:[m[K [01;31m[Kerror: [m[Kwrong number of template arguments (1, should be 2)
[2.832s]   492 |                     __not_<is_same<__remove_cv<_Tp>, __remove_cv<_Up[01;31m[K>>[m[K> >;
[2.832s]       |                                                                     [01;31m[K^~[m[K
[2.832s] In file included from [01m[K/usr/include/c++/11/bits/move.h:57[m[K,
[2.832s]                  from [01m[K/usr/include/c++/11/bits/stl_pair.h:59[m[K,
[2.832s]                  from [01m[K/usr/include/c++/11/utility:70[m[K,
[2.833s]                  from [01m[K/usr/include/c++/11/algorithm:60[m[K,
[2.833s]                  from [01m[K/opt/ros/jazzy/include/geometry_msgs/geometry_msgs/msg/detail/transform_stamped__struct.hpp:11[m[K:
[2.833s] [01m[K/usr/include/c++/11/type_traits:614:12:[m[K [01;36m[Knote: [m[Kprovided for â€˜[01m[Ktemplate<class, class> struct std::is_same[m[Kâ€™
[2.833s]   614 |     struct [01;36m[Kis_same[m[K;
[2.833s]       |            [01;36m[K^~~~~~~[m[K
[2.833s] [01m[K/usr/include/c++/11/bits/unique_ptr.h:492:71:[m[K [01;31m[Kerror: [m[Ktemplate argument 1 is invalid
[2.833s]   492 |                     __not_<is_same<__remove_cv<_Tp>, __remove_cv<_Up>>[01;31m[K>[m[K >;
[2.833s]       |                                                                       [01;31m[K^[m[K
[2.834s] [01m[K/usr/include/c++/11/bits/unique_ptr.h:492:73:[m[K [01;31m[Kerror: [m[Ktemplate argument 2 is invalid
[2.834s]   492 |                     __not_<is_same<__remove_cv<_Tp>, __remove_cv<_Up>>> [01;31m[K>[m[K;
[2.834s]       |                                                                         [01;31m[K^[m[K
[2.837s] In file included from [01m[K/usr/include/c++/11/memory:76[m[K,
[2.837s]                  from [01m[K/opt/ros/jazzy/include/geometry_msgs/geometry_msgs/msg/detail/transform_stamped__struct.hpp:13[m[K,
[2.837s]                  from [01m[K/opt/ros/jazzy/include/geometry_msgs/geometry_msgs/msg/transform_stamped.hpp:7[m[K,
[2.838s]                  from [01m[K/home/toyat/dev/vrx_ros2/vrx_ws/src/vrx/vrx_ros/src/optical_frame_publisher.cc:18[m[K:
[2.838s] [01m[K/usr/include/c++/11/bits/unique_ptr.h:486:15:[m[K [01;31m[Kerror: [m[Kexpected identifier before â€˜[01m[K__remove_cv[m[Kâ€™
[2.838s]   486 |         using [01;31m[K__remove_cv[m[K = typename remove_cv<_Up>::type;
[2.838s]       |               [01;31m[K^~~~~~~~~~~[m[K
[2.838s] [01m[K/usr/include/c++/11/bits/unique_ptr.h:486:27:[m[K [01;31m[Kerror: [m[Kexpected â€˜[01m[K([m[Kâ€™ before â€˜[01m[K=[m[Kâ€™ token
[2.838s]   486 |         using __remove_cv [01;31m[K=[m[K typename remove_cv<_Up>::type;
[2.838s]       |                           [01;31m[K^[m[K
[2.838s]       |                           [32m[K([m[K
[2.838s] [01m[K/usr/include/c++/11/bits/unique_ptr.h:486:27:[m[K [01;31m[Kerror: [m[Kexpected type-specifier before â€˜[01m[K=[m[Kâ€™ token
[2.839s] [01m[K/usr/include/c++/11/bits/unique_ptr.h:486:27:[m[K [01;31m[Kerror: [m[Kexpected unqualified-id before â€˜[01m[K=[m[Kâ€™ token
[2.839s] [01m[K/usr/include/c++/11/bits/unique_ptr.h:492:69:[m[K [01;31m[Kerror: [m[Kwrong number of template arguments (1, should be 2)
[2.839s]   492 |                __not_<is_same<__remove_cv<_Tp>, __remove_cv<_Up[01;31m[K>>[m[K> >;
[2.839s]       |                                                                [01;31m[K^~[m[K
[2.839s] 
[2.839s] In file included from [01m[K/usr/include/c++/11/bits/move.h:57[m[K,
[2.839s]                  from [01m[K/usr/include/c++/11/bits/stl_pair.h:59[m[K,
[2.839s]                  from [01m[K/usr/include/c++/11/utility:70[m[K,
[2.840s]                  from [01m[K/usr/include/c++/11/algorithm:60[m[K,
[2.840s]                  from [01m[K/opt/ros/jazzy/include/geometry_msgs/geometry_msgs/msg/detail/transform_stamped__struct.hpp:11[m[K:
[2.840s] [01m[K/usr/include/c++/11/type_traits:614:12:[m[K [01;36m[Knote: [m[Kprovided for â€˜[01m[Ktemplate<class, class> struct std::is_same[m[Kâ€™
[2.840s]   614 |     struct [01;36m[Kis_same[m[K;
[2.840s]       |            [01;36m[K^~~~~~~[m[K
[2.840s] [01m[K/usr/include/c++/11/bits/unique_ptr.h:492:71:[m[K [01;31m[Kerror: [m[Ktemplate argument 1 is invalid
[2.840s]   492 |                __not_<is_same<__remove_cv<_Tp>, __remove_cv<_Up>>[01;31m[K>[m[K >;
[2.840s]       |                                                                  [01;31m[K^[m[K
[2.840s] 
[2.841s] [01m[K/usr/include/c++/11/bits/unique_ptr.h:492:73:[m[K [01;31m[Kerror: [m[Ktemplate argument 2 is invalid
[2.841s]   492 |                __not_<is_same<__remove_cv<_Tp>, __remove_cv<_Up>>> [01;31m[K>[m[K;
[2.841s]       |                                                                    [01;31m[K^[m[K
[2.841s] 
[7.312s] gmake[2]: *** [CMakeFiles/pose_tf_broadcaster.dir/build.make:76: CMakeFiles/pose_tf_broadcaster.dir/src/pose_tf_broadcaster.cc.o] Error 1
[7.312s] gmake[1]: *** [CMakeFiles/Makefile2:165: CMakeFiles/pose_tf_broadcaster.dir/all] Error 2
[7.312s] gmake[1]: *** Waiting for unfinished jobs....
[8.348s] gmake[2]: *** [CMakeFiles/optical_frame_publisher.dir/build.make:76: CMakeFiles/optical_frame_publisher.dir/src/optical_frame_publisher.cc.o] Error 1
[8.348s] gmake[1]: *** [CMakeFiles/Makefile2:139: CMakeFiles/optical_frame_publisher.dir/all] Error 2
[8.348s] gmake: *** [Makefile:146: all] Error 2
[8.350s] Invoked command in '/home/toyat/dev/vrx_ros2/vrx_ws/build/vrx_ros' returned '2': CMAKE_PREFIX_PATH=${CMAKE_PREFIX_PATH}:/opt/ros/jazzy DEBUGINFOD_URLS=https://debuginfod.ubuntu.com /usr/bin/cmake --build /home/toyat/dev/vrx_ros2/vrx_ws/build/vrx_ros -- -j8 -l8
